        strop.c    34 : [ str_isEnv] : $SUT_TOOL not exported.
        strop.c    34 : [ str_isEnv] : $SUT_TOOL not exported.
        strop.c    34 : [ str_isEnv] : $SUT_TOOL not exported.
        strop.c    34 : [ str_isEnv] : $SUT_TOOL not exported.
   srv_xmlrpc.c   135 : [callback_command] : <?xml version="1.0" encoding="UTF-8"?>
<methodCall>
<methodName>listTests</methodName>
<params>
</params>
</methodCall>

   srv_xmlrpc.c   139 : [callback_command] : 
[HTTP/1.1 200 OK
Date: Wed, 07 Mar 2007 09:50:14 GMT
Server: libwww-perl-daemon/1.36
Accept: text/xml
Content-Length: 519
Content-Type: text/xml
RPC-Encoding: XML-RPC
RPC-Server: RPC::XML::Server/1.44

]
[<?xml version="1.0"?><methodResponse><params><param><value><array><data><value><string>config</string></value><value><string>smtp</string></value><value><string>pop3</string></value><value><string>imap</string></value><value><string>http</string></value><value><string>html</string></value><value><string>hsp</string></value><value><string>cli</string></value><value><string>CVS</string></value><value><string>..</string></value><value><string>.</string></value></data></array></value></param></params></methodResponse>]
   srv_xmlrpc.c   135 : [callback_command] : <?xml version="1.0" encoding="UTF-8"?>
<methodCall>
<methodName>listTests</methodName>
<params>
</params>
</methodCall>

   srv_xmlrpc.c   139 : [callback_command] : 
[HTTP/1.1 200 OK
Date: Wed, 07 Mar 2007 09:50:14 GMT
Server: libwww-perl-daemon/1.36
Accept: text/xml
Content-Length: 519
Content-Type: text/xml
RPC-Encoding: XML-RPC
RPC-Server: RPC::XML::Server/1.44

]
[<?xml version="1.0"?><methodResponse><params><param><value><array><data><value><string>config</string></value><value><string>smtp</string></value><value><string>pop3</string></value><value><string>imap</string></value><value><string>http</string></value><value><string>html</string></value><value><string>hsp</string></value><value><string>cli</string></value><value><string>CVS</string></value><value><string>..</string></value><value><string>.</string></value></data></array></value></param></params></methodResponse>]
